app/build/intermediates/manifest_merge_blame_file/debug/manifest-merger-blame-debug-report.txt
1<?xml version="1.0" encoding="utf-8"?>
2<manifest xmlns:android="http://schemas.android.com/apk/res/android"
3    package="com.example.scanner.de.scannertest"
4    android:versionCode="1"
5    android:versionName="1.0" >
6
7    <uses-sdk
8        android:minSdkVersion="16"
8-->src\main\AndroidManifest.xml
9        android:targetSdkVersion="29" />
9-->src\main\AndroidManifest.xml
10
11    <uses-permission android:name="android.permission.CAMERA" /> <!-- Don't require camera, as this requires a rear camera. This allows it to work on the Nexus 7 -->
11-->[com.journeyapps:zxing-android-embedded:3.2.0] AndroidManifest.xml:21:5-65
11-->[com.journeyapps:zxing-android-embedded:3.2.0] AndroidManifest.xml:21:22-62
12    <uses-feature
12-->[com.journeyapps:zxing-android-embedded:3.2.0] AndroidManifest.xml:24:5-26:36
13        android:name="android.hardware.camera"
13-->[com.journeyapps:zxing-android-embedded:3.2.0] AndroidManifest.xml:25:9-47
14        android:required="false" />
14-->[com.journeyapps:zxing-android-embedded:3.2.0] AndroidManifest.xml:26:9-33
15    <uses-feature
15-->[com.journeyapps:zxing-android-embedded:3.2.0] AndroidManifest.xml:27:5-29:36
16        android:name="android.hardware.camera.front"
16-->[com.journeyapps:zxing-android-embedded:3.2.0] AndroidManifest.xml:28:9-53
17        android:required="false" /> <!-- TODO replace above two with next line after Android 4.2 -->
17-->[com.journeyapps:zxing-android-embedded:3.2.0] AndroidManifest.xml:29:9-33
18    <!-- <uses-feature android:name="android.hardware.camera.any"/> -->
19    <uses-feature
19-->[com.journeyapps:zxing-android-embedded:3.2.0] AndroidManifest.xml:32:5-34:36
20        android:name="android.hardware.camera.autofocus"
20-->[com.journeyapps:zxing-android-embedded:3.2.0] AndroidManifest.xml:33:9-57
21        android:required="false" />
21-->[com.journeyapps:zxing-android-embedded:3.2.0] AndroidManifest.xml:34:9-33
22    <uses-feature
22-->[com.journeyapps:zxing-android-embedded:3.2.0] AndroidManifest.xml:35:5-37:36
23        android:name="android.hardware.camera.flash"
23-->[com.journeyapps:zxing-android-embedded:3.2.0] AndroidManifest.xml:36:9-53
24        android:required="false" />
24-->[com.journeyapps:zxing-android-embedded:3.2.0] AndroidManifest.xml:37:9-33
25    <uses-feature
25-->[com.journeyapps:zxing-android-embedded:3.2.0] AndroidManifest.xml:38:5-40:36
26        android:name="android.hardware.screen.landscape"
26-->[com.journeyapps:zxing-android-embedded:3.2.0] AndroidManifest.xml:39:9-57
27        android:required="false" />
27-->[com.journeyapps:zxing-android-embedded:3.2.0] AndroidManifest.xml:40:9-33
28    <uses-feature
28-->[com.journeyapps:zxing-android-embedded:3.2.0] AndroidManifest.xml:41:5-43:36
29        android:name="android.hardware.wifi"
29-->[com.journeyapps:zxing-android-embedded:3.2.0] AndroidManifest.xml:42:9-45
30        android:required="false" /> <!-- Although the *SdkVersion is captured in gradle build files, this is required for non gradle builds -->
30-->[com.journeyapps:zxing-android-embedded:3.2.0] AndroidManifest.xml:43:9-33
31    <!-- <uses-sdk android:minSdkVersion="14"/> -->
32    <uses-permission android:name="android.permission.ACCESS_NETWORK_STATE" />
32-->[com.google.firebase:firebase-database:18.0.0] AndroidManifest.xml:25:5-79
32-->[com.google.firebase:firebase-database:18.0.0] AndroidManifest.xml:25:22-76
33    <uses-permission android:name="android.permission.INTERNET" />
33-->[com.google.firebase:firebase-database:18.0.0] AndroidManifest.xml:26:5-67
33-->[com.google.firebase:firebase-database:18.0.0] AndroidManifest.xml:26:22-64
34
35    <application
35-->src\main\AndroidManifest.xml:5:5-20:19
36        android:allowBackup="true"
36-->src\main\AndroidManifest.xml:6:9-35
37        android:appComponentFactory="androidx.core.app.CoreComponentFactory"
37-->[androidx.core:core:1.0.1] AndroidManifest.xml:22:18-86
38        android:debuggable="true"
39        android:icon="@mipmap/ic_launcher"
39-->src\main\AndroidManifest.xml:7:9-43
40        android:label="@string/app_name"
40-->src\main\AndroidManifest.xml:8:9-41
41        android:roundIcon="@mipmap/ic_launcher_round"
41-->src\main\AndroidManifest.xml:9:9-54
42        android:supportsRtl="true"
42-->src\main\AndroidManifest.xml:10:9-35
43        android:theme="@style/AppTheme" >
43-->src\main\AndroidManifest.xml:11:9-40
44        <activity android:name="com.example.scanner.de.scannertest.Confirmação" />
44-->src\main\AndroidManifest.xml:12:9-58
44-->src\main\AndroidManifest.xml:12:19-46
45        <activity android:name="com.example.scanner.de.scannertest.MainActivity" >
45-->src\main\AndroidManifest.xml:13:9-19:20
45-->src\main\AndroidManifest.xml:13:19-47
46            <intent-filter>
46-->src\main\AndroidManifest.xml:14:13-18:29
47                <action android:name="android.intent.action.MAIN" />
47-->src\main\AndroidManifest.xml:15:17-69
47-->src\main\AndroidManifest.xml:15:25-66
48
49                <category android:name="android.intent.category.LAUNCHER" />
49-->src\main\AndroidManifest.xml:17:17-77
49-->src\main\AndroidManifest.xml:17:27-74
50            </intent-filter>
51        </activity>
52        <activity
52-->[com.journeyapps:zxing-android-embedded:3.2.0] AndroidManifest.xml:46:9-52:63
53            android:name="com.journeyapps.barcodescanner.CaptureActivity"
53-->[com.journeyapps:zxing-android-embedded:3.2.0] AndroidManifest.xml:47:13-74
54            android:clearTaskOnLaunch="true"
54-->[com.journeyapps:zxing-android-embedded:3.2.0] AndroidManifest.xml:48:13-45
55            android:screenOrientation="sensorLandscape"
55-->[com.journeyapps:zxing-android-embedded:3.2.0] AndroidManifest.xml:49:13-56
56            android:stateNotNeeded="true"
56-->[com.journeyapps:zxing-android-embedded:3.2.0] AndroidManifest.xml:50:13-42
57            android:theme="@style/zxing_CaptureTheme"
57-->[com.journeyapps:zxing-android-embedded:3.2.0] AndroidManifest.xml:51:13-54
58            android:windowSoftInputMode="stateAlwaysHidden" />
58-->[com.journeyapps:zxing-android-embedded:3.2.0] AndroidManifest.xml:52:13-60
59
60        <service android:name="com.google.firebase.components.ComponentDiscoveryService" >
60-->[com.google.firebase:firebase-database:18.0.0] AndroidManifest.xml:29:9-33:19
60-->[com.google.firebase:firebase-database:18.0.0] AndroidManifest.xml:29:18-89
61            <meta-data
61-->[com.google.firebase:firebase-database:18.0.0] AndroidManifest.xml:30:13-32:85
62                android:name="com.google.firebase.components:com.google.firebase.database.DatabaseRegistrar"
62-->[com.google.firebase:firebase-database:18.0.0] AndroidManifest.xml:31:17-109
63                android:value="com.google.firebase.components.ComponentRegistrar" />
63-->[com.google.firebase:firebase-database:18.0.0] AndroidManifest.xml:32:17-82
64        </service>
65
66        <provider
66-->[com.google.firebase:firebase-common:18.0.0] AndroidManifest.xml:12:9-16:39
67            android:name="com.google.firebase.provider.FirebaseInitProvider"
67-->[com.google.firebase:firebase-common:18.0.0] AndroidManifest.xml:13:13-77
68            android:authorities="com.example.scanner.de.scannertest.firebaseinitprovider"
68-->[com.google.firebase:firebase-common:18.0.0] AndroidManifest.xml:14:13-72
69            android:exported="false"
69-->[com.google.firebase:firebase-common:18.0.0] AndroidManifest.xml:15:13-37
70            android:initOrder="100" />
70-->[com.google.firebase:firebase-common:18.0.0] AndroidManifest.xml:16:13-36
71
72        <activity
72-->[com.google.android.gms:play-services-base:17.0.0] AndroidManifest.xml:23:9-26:75
73            android:name="com.google.android.gms.common.api.GoogleApiActivity"
73-->[com.google.android.gms:play-services-base:17.0.0] AndroidManifest.xml:24:13-79
74            android:exported="false"
74-->[com.google.android.gms:play-services-base:17.0.0] AndroidManifest.xml:25:13-37
75            android:theme="@android:style/Theme.Translucent.NoTitleBar" />
75-->[com.google.android.gms:play-services-base:17.0.0] AndroidManifest.xml:26:13-72
76
77        <meta-data
77-->[com.google.android.gms:play-services-basement:17.0.0] AndroidManifest.xml:23:9-25:69
78            android:name="com.google.android.gms.version"
78-->[com.google.android.gms:play-services-basement:17.0.0] AndroidManifest.xml:24:13-58
79            android:value="@integer/google_play_services_version" />
79-->[com.google.android.gms:play-services-basement:17.0.0] AndroidManifest.xml:25:13-66
80    </application>
81
82</manifest>